<?xml version="1.0" encoding="UTF-8"?>
<testng-results ignored="0" total="2" passed="2" failed="0" skipped="0">
  <reporter-output>
  </reporter-output>
  <suite started-at="2022-04-24T08:49:33 IST" name="Default suite" finished-at="2022-04-24T08:49:54 IST" duration-ms="20765">
    <groups>
    </groups>
    <test started-at="2022-04-24T08:49:33 IST" name="Default test" finished-at="2022-04-24T08:49:54 IST" duration-ms="20765">
      <class name="com.vandvtechsolution.inetbanking.testcases.HomeTC001">
        <test-method is-config="true" signature="init()[pri:0, instance:com.vandvtechsolution.inetbanking.testcases.HomeTC001@21282ed8]" started-at="2022-04-24T08:49:33 IST" name="init" finished-at="2022-04-24T08:49:33 IST" duration-ms="13" status="PASS">
          <reporter-output>
          </reporter-output>
        </test-method> <!-- init -->
        <test-method is-config="true" signature="setup(java.lang.String)[pri:0, instance:com.vandvtechsolution.inetbanking.testcases.HomeTC001@21282ed8]" started-at="2022-04-24T08:49:33 IST" name="setup" finished-at="2022-04-24T08:49:49 IST" duration-ms="16069" status="PASS">
          <params>
            <param index="0">
              <value>
                <![CDATA[Chrome]]>
              </value>
            </param>
          </params>
          <reporter-output>
          </reporter-output>
        </test-method> <!-- setup -->
        <test-method signature="verifyLoginFunctionalityTC001()[pri:1, instance:com.vandvtechsolution.inetbanking.testcases.HomeTC001@21282ed8]" started-at="2022-04-24T08:49:49 IST" name="verifyLoginFunctionalityTC001" finished-at="2022-04-24T08:49:52 IST" duration-ms="2466" status="PASS">
          <reporter-output>
          </reporter-output>
        </test-method> <!-- verifyLoginFunctionalityTC001 -->
        <test-method signature="navigateToEditCustomerPage()[pri:2, instance:com.vandvtechsolution.inetbanking.testcases.HomeTC001@21282ed8]" started-at="2022-04-24T08:49:52 IST" name="navigateToEditCustomerPage" finished-at="2022-04-24T08:49:53 IST" duration-ms="1763" status="PASS">
          <reporter-output>
          </reporter-output>
        </test-method> <!-- navigateToEditCustomerPage -->
        <test-method is-config="true" signature="tearDown()[pri:0, instance:com.vandvtechsolution.inetbanking.testcases.HomeTC001@21282ed8]" started-at="2022-04-24T08:49:53 IST" name="tearDown" finished-at="2022-04-24T08:49:54 IST" duration-ms="398" status="PASS">
          <reporter-output>
          </reporter-output>
        </test-method> <!-- tearDown -->
      </class> <!-- com.vandvtechsolution.inetbanking.testcases.HomeTC001 -->
    </test> <!-- Default test -->
  </suite> <!-- Default suite -->
</testng-results>
