<?xml version="1.0" encoding="UTF-8"?>
<!-- Generated by org.testng.reporters.JUnitXMLReporter -->
<testsuite ignored="0" hostname="DESKTOP-VL08VGE" failures="0" tests="2" name="Default test" time="20.765" errors="0" timestamp="2022-04-24T08:49:54 IST">
  <testcase classname="com.vandvtechsolution.inetbanking.testcases.HomeTC001" name="verifyLoginFunctionalityTC001" time="2.466"/>
  <testcase classname="com.vandvtechsolution.inetbanking.testcases.HomeTC001" name="navigateToEditCustomerPage" time="1.763"/>
</testsuite> <!-- Default test -->
